2026-02-06T07:06:44.860Z [console][error] A tree hydrated but some attributes of the server rendered HTML didn't match the client properties. This won't be patched up. This can happen if a SSR-ed Client Component used:

- A server/client branch `if (typeof window !== 'undefined')`.
- Variable input such as `Date.now()` or `Math.random()` which changes each time it's called.
- Date formatting in a user's locale which doesn't match the server.
- External changing data without sending a snapshot of it along with the HTML.
- Invalid HTML tag nesting.

It can also happen if the client has a browser extension installed which messes with the HTML before React loaded.

%s%s https://react.dev/link/hydration-mismatch 

  ...
    <HotReload assetPrefix="" globalError={[...]}>
      <AppDevOverlayErrorBoundary globalError={[...]}>
        <ReplaySsrOnlyErrors>
        <DevRootHTTPAccessFallbackBoundary>
          <HTTPAccessFallbackBoundary notFound={<NotAllowedRootHTTPFallbackError>}>
            <HTTPAccessFallbackErrorBoundary pathname="/disease-d..." notFound={<NotAllowedRootHTTPFallbackError>} ...>
              <RedirectBoundary>
                <RedirectErrorBoundary router={{...}}>
                  <Head headCacheNode={{lazyData:null, ...}}>
                    <__next_viewport_boundary__>
                    <meta>
                    <MetadataTree>
                      <__next_metadata_boundary__>
                        <__next_metadata_boundary__>
                          <div
                            hidden={true}
-                           data-orchid-ref="ref-ijac99fizl"
                          >
                  <__next_root_layout_boundary__>
                    <SegmentViewNode type="layout" pagePath="/orchids-p...">
                      <SegmentTrieNode>
                      <link>
                      <script>
                      <script>
                      <script>
                      <RootLayout>
                        <html data-orchids-id="src\app\la..." data-orchids-name="html" lang="en">
                          <body
                            data-orchids-id="src\app\layout.tsx:29:6"
                            data-orchids-name="body"
                            className="geist_a71539c9-module__T19VSG__variable geist_mono_8d43a2aa-module__8Li5zG__var..."
-                           data-orchid-ref="ref-5z4w4q3edo"
                          >
                            <div
                              data-orchids-id="src\app\layout.tsx:32:8"
                              data-orchids-name="div"
                              className="flex min-h-screen bg-background"
-                             data-orchid-ref="ref-ztuh0ckflx"
                            >
                              <Sidebar data-orchids-id="src\app\la..." data-orchids-name="Sidebar">
                                <aside
                                  data-orchids-id="src\components\sidebar.tsx:29:4"
                                  data-orchids-name="aside"
                                  className="fixed left-0 top-0 z-40 h-screen w-64 border-r border-border bg-card"
-                                 data-orchid-ref="ref-qin9vaj85g"
                                >
                                  <div
                                    data-orchids-id="src\components\sidebar.tsx:30:6"
                                    data-orchids-name="div"
                                    className="flex h-full flex-col"
-                                   data-orchid-ref="ref-bagf7icrnu"
                                  >
                                    <div
                                      data-orchids-id="src\components\sidebar.tsx:32:8"
                                      data-orchids-name="div"
                                      className="flex items-center gap-2.5 border-b border-border px-5 py-5"
-                                     data-orchid-ref="ref-z4fnfsfddy"
                                    >
                        ... [truncated]
2026-02-06T07:06:44.860Z [console][error] A tree hydrated but some attributes of the server rendered HTML didn't match the client properties. This won't be patched up. This can happen if a SSR-ed Client Component used:

- A server/client branch `if (typeof window !== 'undefined')`.
- Variable input such as `Date.now()` or `Math.random()` which changes each time it's called.
- Date formatting in a user's locale which doesn't match the server.
- External changing data without sending a snapshot of it along with the HTML.
- Invalid HTML tag nesting.

It can also happen if the client has a browser extension installed which messes with the HTML before React loaded.

%s%s https://react.dev/link/hydration-mismatch 

  ...
    <HotReload assetPrefix="" globalError={[...]}>
      <AppDevOverlayErrorBoundary globalError={[...]}>
        <ReplaySsrOnlyErrors>
        <DevRootHTTPAccessFallbackBoundary>
          <HTTPAccessFallbackBoundary notFound={<NotAllowedRootHTTPFallbackError>}>
            <HTTPAccessFallbackErrorBoundary pathname="/disease-d..." notFound={<NotAllowedRootHTTPFallbackError>} ...>
              <RedirectBoundary>
                <RedirectErrorBoundary router={{...}}>
                  <Head headCacheNode={{lazyData:null, ...}}>
                    <__next_viewport_boundary__>
                    <meta>
                    <MetadataTree>
                      <__next_metadata_boundary__>
                        <__next_metadata_boundary__>
                          <div
                            hidden={true}
-                           data-orchid-ref="ref-ijac99fizl"
                          >
                  <__next_root_layout_boundary__>
                    <SegmentViewNode type="layout" pagePath="/orchids-p...">
                      <SegmentTrieNode>
                      <link>
                      <script>
                      <script>
                      <script>
                      <RootLayout>
                        <html data-orchids-id="src\app\la..." data-orchids-name="h...
